[0528/220742:ERROR:proxy_resolver_winhttp.cc(79)] WinHttpGetProxyForUrl failed: 12006
[0528/220742:ERROR:proxy_resolver_winhttp.cc(79)] WinHttpGetProxyForUrl failed: 12006
[0528/220742:ERROR:proxy_resolver_winhttp.cc(79)] WinHttpGetProxyForUrl failed: 12006
[0528/220742:ERROR:proxy_resolver_winhttp.cc(79)] WinHttpGetProxyForUrl failed: 12006
[0528/220742:ERROR:proxy_resolver_winhttp.cc(79)] WinHttpGetProxyForUrl failed: 12006
[0528/220742:ERROR:proxy_resolver_winhttp.cc(79)] WinHttpGetProxyForUrl failed: 12006
[0528/220742:ERROR:proxy_resolver_winhttp.cc(79)] WinHttpGetProxyForUrl failed: 12006
[0528/220743:ERROR:proxy_resolver_winhttp.cc(79)] WinHttpGetProxyForUrl failed: 12006
[0528/220743:ERROR:proxy_resolver_winhttp.cc(79)] WinHttpGetProxyForUrl failed: 12006
[0528/220743:ERROR:proxy_resolver_winhttp.cc(79)] WinHttpGetProxyForUrl failed: 12006
[0528/220743:ERROR:proxy_resolver_winhttp.cc(79)] WinHttpGetProxyForUrl failed: 12006
[0528/220743:ERROR:proxy_resolver_winhttp.cc(79)] WinHttpGetProxyForUrl failed: 12006
[0528/220743:ERROR:proxy_resolver_winhttp.cc(79)] WinHttpGetProxyForUrl failed: 12006
[0528/220743:ERROR:proxy_resolver_winhttp.cc(79)] WinHttpGetProxyForUrl failed: 12006
[0528/220743:ERROR:proxy_resolver_winhttp.cc(79)] WinHttpGetProxyForUrl failed: 12006
[0528/220743:ERROR:proxy_resolver_winhttp.cc(79)] WinHttpGetProxyForUrl failed: 12006
[0528/220743:ERROR:proxy_resolver_winhttp.cc(79)] WinHttpGetProxyForUrl failed: 12006
[0528/220743:ERROR:proxy_resolver_winhttp.cc(79)] WinHttpGetProxyForUrl failed: 12006
[0528/220743:ERROR:proxy_resolver_winhttp.cc(79)] WinHttpGetProxyForUrl failed: 12006
[0528/220743:ERROR:proxy_resolver_winhttp.cc(79)] WinHttpGetProxyForUrl failed: 12006
[0528/220743:ERROR:proxy_resolver_winhttp.cc(79)] WinHttpGetProxyForUrl failed: 12006
[0528/220744:ERROR:proxy_resolver_winhttp.cc(79)] WinHttpGetProxyForUrl failed: 12006
[0528/220744:ERROR:proxy_resolver_winhttp.cc(79)] WinHttpGetProxyForUrl failed: 12006
[0528/220745:ERROR:proxy_resolver_winhttp.cc(79)] WinHttpGetProxyForUrl failed: 12006
[0528/220745:ERROR:proxy_resolver_winhttp.cc(79)] WinHttpGetProxyForUrl failed: 12006
[0528/220745:ERROR:proxy_resolver_winhttp.cc(79)] WinHttpGetProxyForUrl failed: 12006
[0528/220745:ERROR:proxy_resolver_winhttp.cc(79)] WinHttpGetProxyForUrl failed: 12006
[0528/220746:ERROR:proxy_resolver_winhttp.cc(79)] WinHttpGetProxyForUrl failed: 12006
[0528/221135:ERROR:proxy_resolver_winhttp.cc(79)] WinHttpGetProxyForUrl failed: 12006
[0528/221135:ERROR:proxy_resolver_winhttp.cc(79)] WinHttpGetProxyForUrl failed: 12006
[0528/221135:ERROR:proxy_resolver_winhttp.cc(79)] WinHttpGetProxyForUrl failed: 12006
[0528/221135:ERROR:proxy_resolver_winhttp.cc(79)] WinHttpGetProxyForUrl failed: 12006
[0528/221135:ERROR:proxy_resolver_winhttp.cc(79)] WinHttpGetProxyForUrl failed: 12006
[0528/221135:ERROR:proxy_resolver_winhttp.cc(79)] WinHttpGetProxyForUrl failed: 12006
[0528/221135:ERROR:proxy_resolver_winhttp.cc(79)] WinHttpGetProxyForUrl failed: 12006
[0528/221135:ERROR:proxy_resolver_winhttp.cc(79)] WinHttpGetProxyForUrl failed: 12006
[0528/221135:ERROR:proxy_resolver_winhttp.cc(79)] WinHttpGetProxyForUrl failed: 12006
[0528/221135:ERROR:proxy_resolver_winhttp.cc(79)] WinHttpGetProxyForUrl failed: 12006
[0528/221135:ERROR:proxy_resolver_winhttp.cc(79)] WinHttpGetProxyForUrl failed: 12006
[0528/221135:ERROR:proxy_resolver_winhttp.cc(79)] WinHttpGetProxyForUrl failed: 12006
[0528/221135:ERROR:proxy_resolver_winhttp.cc(79)] WinHttpGetProxyForUrl failed: 12006
[0528/221135:ERROR:proxy_resolver_winhttp.cc(79)] WinHttpGetProxyForUrl failed: 12006
[0528/221135:ERROR:proxy_resolver_winhttp.cc(79)] WinHttpGetProxyForUrl failed: 12006
[0528/221136:ERROR:proxy_resolver_winhttp.cc(79)] WinHttpGetProxyForUrl failed: 12006
[0528/221136:ERROR:proxy_resolver_winhttp.cc(79)] WinHttpGetProxyForUrl failed: 12006
[0528/221136:ERROR:proxy_resolver_winhttp.cc(79)] WinHttpGetProxyForUrl failed: 12006
[0528/221136:ERROR:proxy_resolver_winhttp.cc(79)] WinHttpGetProxyForUrl failed: 12006
[0528/221136:ERROR:proxy_resolver_winhttp.cc(79)] WinHttpGetProxyForUrl failed: 12006
[0528/221136:ERROR:proxy_resolver_winhttp.cc(79)] WinHttpGetProxyForUrl failed: 12006
[0528/221137:ERROR:proxy_resolver_winhttp.cc(79)] WinHttpGetProxyForUrl failed: 12006
[0528/221138:ERROR:proxy_resolver_winhttp.cc(79)] WinHttpGetProxyForUrl failed: 12006
[0528/221138:ERROR:proxy_resolver_winhttp.cc(79)] WinHttpGetProxyForUrl failed: 12006
[0528/221139:ERROR:proxy_resolver_winhttp.cc(79)] WinHttpGetProxyForUrl failed: 12006
[0528/221140:ERROR:proxy_resolver_winhttp.cc(79)] WinHttpGetProxyForUrl failed: 12006
[0528/221141:ERROR:proxy_resolver_winhttp.cc(79)] WinHttpGetProxyForUrl failed: 12006
[0528/221142:ERROR:proxy_resolver_winhttp.cc(79)] WinHttpGetProxyForUrl failed: 12006
[0528/221142:ERROR:proxy_resolver_winhttp.cc(79)] WinHttpGetProxyForUrl failed: 12006
[0528/221809:ERROR:proxy_resolver_winhttp.cc(79)] WinHttpGetProxyForUrl failed: 12006
[0528/221809:ERROR:proxy_resolver_winhttp.cc(79)] WinHttpGetProxyForUrl failed: 12006
[0528/221809:ERROR:proxy_resolver_winhttp.cc(79)] WinHttpGetProxyForUrl failed: 12006
[0528/221809:ERROR:proxy_resolver_winhttp.cc(79)] WinHttpGetProxyForUrl failed: 12006
[0528/221809:ERROR:proxy_resolver_winhttp.cc(79)] WinHttpGetProxyForUrl failed: 12006
[0528/221809:ERROR:proxy_resolver_winhttp.cc(79)] WinHttpGetProxyForUrl failed: 12006
[0528/221809:ERROR:proxy_resolver_winhttp.cc(79)] WinHttpGetProxyForUrl failed: 12006
[0528/221809:ERROR:proxy_resolver_winhttp.cc(79)] WinHttpGetProxyForUrl failed: 12006
[0528/221809:ERROR:proxy_resolver_winhttp.cc(79)] WinHttpGetProxyForUrl failed: 12006
[0528/221809:ERROR:proxy_resolver_winhttp.cc(79)] WinHttpGetProxyForUrl failed: 12006
[0528/221809:ERROR:proxy_resolver_winhttp.cc(79)] WinHttpGetProxyForUrl failed: 12006
[0528/221809:ERROR:proxy_resolver_winhttp.cc(79)] WinHttpGetProxyForUrl failed: 12006
[0528/221809:ERROR:proxy_resolver_winhttp.cc(79)] WinHttpGetProxyForUrl failed: 12006
[0528/221809:ERROR:proxy_resolver_winhttp.cc(79)] WinHttpGetProxyForUrl failed: 12006
[0528/221809:ERROR:proxy_resolver_winhttp.cc(79)] WinHttpGetProxyForUrl failed: 12006
[0528/221810:ERROR:proxy_resolver_winhttp.cc(79)] WinHttpGetProxyForUrl failed: 12006
[0528/221810:ERROR:proxy_resolver_winhttp.cc(79)] WinHttpGetProxyForUrl failed: 12006
[0528/221810:ERROR:proxy_resolver_winhttp.cc(79)] WinHttpGetProxyForUrl failed: 12006
[0528/221810:ERROR:proxy_resolver_winhttp.cc(79)] WinHttpGetProxyForUrl failed: 12006
[0528/221810:ERROR:proxy_resolver_winhttp.cc(79)] WinHttpGetProxyForUrl failed: 12006
[0528/221810:ERROR:proxy_resolver_winhttp.cc(79)] WinHttpGetProxyForUrl failed: 12006
[0528/221810:ERROR:proxy_resolver_winhttp.cc(79)] WinHttpGetProxyForUrl failed: 12006
[0528/221810:ERROR:proxy_resolver_winhttp.cc(79)] WinHttpGetProxyForUrl failed: 12006
[0528/221810:ERROR:proxy_resolver_winhttp.cc(79)] WinHttpGetProxyForUrl failed: 12006
[0528/221810:ERROR:proxy_resolver_winhttp.cc(79)] WinHttpGetProxyForUrl failed: 12006
[0528/221810:ERROR:proxy_resolver_winhttp.cc(79)] WinHttpGetProxyForUrl failed: 12006
[0528/221811:ERROR:proxy_resolver_winhttp.cc(79)] WinHttpGetProxyForUrl failed: 12006
[0528/221811:ERROR:proxy_resolver_winhttp.cc(79)] WinHttpGetProxyForUrl failed: 12006
[0528/221811:ERROR:proxy_resolver_winhttp.cc(79)] WinHttpGetProxyForUrl failed: 12006
[0528/223534:ERROR:proxy_resolver_winhttp.cc(79)] WinHttpGetProxyForUrl failed: 12006
[0528/223535:ERROR:proxy_resolver_winhttp.cc(79)] WinHttpGetProxyForUrl failed: 12006
[0528/223535:ERROR:proxy_resolver_winhttp.cc(79)] WinHttpGetProxyForUrl failed: 12006
[0528/223535:ERROR:proxy_resolver_winhttp.cc(79)] WinHttpGetProxyForUrl failed: 12006
[0528/223535:ERROR:proxy_resolver_winhttp.cc(79)] WinHttpGetProxyForUrl failed: 12006
[0528/223535:ERROR:proxy_resolver_winhttp.cc(79)] WinHttpGetProxyForUrl failed: 12006
[0528/223535:ERROR:proxy_resolver_winhttp.cc(79)] WinHttpGetProxyForUrl failed: 12006
[0528/223535:ERROR:proxy_resolver_winhttp.cc(79)] WinHttpGetProxyForUrl failed: 12006
[0528/223535:ERROR:proxy_resolver_winhttp.cc(79)] WinHttpGetProxyForUrl failed: 12006
[0528/223535:ERROR:proxy_resolver_winhttp.cc(79)] WinHttpGetProxyForUrl failed: 12006
[0528/223535:ERROR:proxy_resolver_winhttp.cc(79)] WinHttpGetProxyForUrl failed: 12006
[0528/223535:ERROR:proxy_resolver_winhttp.cc(79)] WinHttpGetProxyForUrl failed: 12006
[0528/223535:ERROR:proxy_resolver_winhttp.cc(79)] WinHttpGetProxyForUrl failed: 12006
[0528/223535:ERROR:proxy_resolver_winhttp.cc(79)] WinHttpGetProxyForUrl failed: 12006
[0528/223535:ERROR:proxy_resolver_winhttp.cc(79)] WinHttpGetProxyForUrl failed: 12006
[0528/223535:ERROR:proxy_resolver_winhttp.cc(79)] WinHttpGetProxyForUrl failed: 12006
[0528/223535:ERROR:proxy_resolver_winhttp.cc(79)] WinHttpGetProxyForUrl failed: 12006
[0528/223535:ERROR:proxy_resolver_winhttp.cc(79)] WinHttpGetProxyForUrl failed: 12006
[0528/223535:ERROR:proxy_resolver_winhttp.cc(79)] WinHttpGetProxyForUrl failed: 12006
[0528/223535:ERROR:proxy_resolver_winhttp.cc(79)] WinHttpGetProxyForUrl failed: 12006
[0528/223535:ERROR:proxy_resolver_winhttp.cc(79)] WinHttpGetProxyForUrl failed: 12006
[0528/223535:ERROR:proxy_resolver_winhttp.cc(79)] WinHttpGetProxyForUrl failed: 12006
[0528/223535:ERROR:proxy_resolver_winhttp.cc(79)] WinHttpGetProxyForUrl failed: 12006
[0528/223535:ERROR:proxy_resolver_winhttp.cc(79)] WinHttpGetProxyForUrl failed: 12006
[0528/223536:ERROR:proxy_resolver_winhttp.cc(79)] WinHttpGetProxyForUrl failed: 12006
[0528/223536:ERROR:proxy_resolver_winhttp.cc(79)] WinHttpGetProxyForUrl failed: 12006
[0528/223536:ERROR:proxy_resolver_winhttp.cc(79)] WinHttpGetProxyForUrl failed: 12006
[0528/223536:ERROR:proxy_resolver_winhttp.cc(79)] WinHttpGetProxyForUrl failed: 12006
[0528/223536:ERROR:proxy_resolver_winhttp.cc(79)] WinHttpGetProxyForUrl failed: 12006
[0528/223536:ERROR:proxy_resolver_winhttp.cc(79)] WinHttpGetProxyForUrl failed: 12006
[0528/224520:ERROR:proxy_resolver_winhttp.cc(79)] WinHttpGetProxyForUrl failed: 12006
[0528/224520:ERROR:proxy_resolver_winhttp.cc(79)] WinHttpGetProxyForUrl failed: 12006
[0528/224520:ERROR:proxy_resolver_winhttp.cc(79)] WinHttpGetProxyForUrl failed: 12006
[0528/224520:ERROR:proxy_resolver_winhttp.cc(79)] WinHttpGetProxyForUrl failed: 12006
[0528/224520:ERROR:proxy_resolver_winhttp.cc(79)] WinHttpGetProxyForUrl failed: 12006
[0528/224520:ERROR:proxy_resolver_winhttp.cc(79)] WinHttpGetProxyForUrl failed: 12006
[0528/224520:ERROR:proxy_resolver_winhttp.cc(79)] WinHttpGetProxyForUrl failed: 12006
[0528/224520:ERROR:proxy_resolver_winhttp.cc(79)] WinHttpGetProxyForUrl failed: 12006
[0528/224520:ERROR:proxy_resolver_winhttp.cc(79)] WinHttpGetProxyForUrl failed: 12006
[0528/224520:ERROR:proxy_resolver_winhttp.cc(79)] WinHttpGetProxyForUrl failed: 12006
[0528/224520:ERROR:proxy_resolver_winhttp.cc(79)] WinHttpGetProxyForUrl failed: 12006
[0528/224520:ERROR:proxy_resolver_winhttp.cc(79)] WinHttpGetProxyForUrl failed: 12006
[0528/224520:ERROR:proxy_resolver_winhttp.cc(79)] WinHttpGetProxyForUrl failed: 12006
[0528/224520:ERROR:proxy_resolver_winhttp.cc(79)] WinHttpGetProxyForUrl failed: 12006
[0528/224520:ERROR:proxy_resolver_winhttp.cc(79)] WinHttpGetProxyForUrl failed: 12006
[0528/224520:ERROR:proxy_resolver_winhttp.cc(79)] WinHttpGetProxyForUrl failed: 12006
[0528/224520:ERROR:proxy_resolver_winhttp.cc(79)] WinHttpGetProxyForUrl failed: 12006
[0528/224520:ERROR:proxy_resolver_winhttp.cc(79)] WinHttpGetProxyForUrl failed: 12006
[0528/224520:ERROR:proxy_resolver_winhttp.cc(79)] WinHttpGetProxyForUrl failed: 12006
[0528/224520:ERROR:proxy_resolver_winhttp.cc(79)] WinHttpGetProxyForUrl failed: 12006
[0528/224521:ERROR:proxy_resolver_winhttp.cc(79)] WinHttpGetProxyForUrl failed: 12006
[0528/224521:ERROR:proxy_resolver_winhttp.cc(79)] WinHttpGetProxyForUrl failed: 12006
[0528/224521:ERROR:proxy_resolver_winhttp.cc(79)] WinHttpGetProxyForUrl failed: 12006
[0528/224521:ERROR:proxy_resolver_winhttp.cc(79)] WinHttpGetProxyForUrl failed: 12006
[0528/224521:ERROR:proxy_resolver_winhttp.cc(79)] WinHttpGetProxyForUrl failed: 12006
[0528/224521:ERROR:proxy_resolver_winhttp.cc(79)] WinHttpGetProxyForUrl failed: 12006
[0528/224521:INFO:CONSOLE(0)] "Unsafe JavaScript attempt to access frame with URL file:///C:/Program%20Files%20(x86)/Common%20Files/Adobe/CEPServiceManager4/extensions/Cutterman/index.html from frame with URL http://www.cutterman.cn/app/Cutterman/content/index.html?t=1432824320508. Domains, protocols and ports must match.
," source: (0)
[0528/224521:ERROR:proxy_resolver_winhttp.cc(79)] WinHttpGetProxyForUrl failed: 12006
[0528/224521:INFO:CONSOLE(0)] "create jsx_dir failed," source: http://www.cutterman.cn/app/Cutterman/content/js/base.js?t=2.5.25(32)
[0528/224521:ERROR:proxy_resolver_winhttp.cc(79)] WinHttpGetProxyForUrl failed: 12006
[0528/224521:ERROR:proxy_resolver_winhttp.cc(79)] WinHttpGetProxyForUrl failed: 12006
[0528/224521:ERROR:proxy_resolver_winhttp.cc(79)] WinHttpGetProxyForUrl failed: 12006
[0528/224521:ERROR:proxy_resolver_winhttp.cc(79)] WinHttpGetProxyForUrl failed: 12006
[0528/224521:INFO:CONSOLE(0)] "write constants.jsx success," source: http://www.cutterman.cn/app/Cutterman/content/js/base.js?t=2.5.25(51)
[0528/224521:ERROR:proxy_resolver_winhttp.cc(79)] WinHttpGetProxyForUrl failed: 12006
[0528/224521:INFO:CONSOLE(0)] "write library.jsx success," source: http://www.cutterman.cn/app/Cutterman/content/js/base.js?t=2.5.25(51)
[0528/224521:ERROR:proxy_resolver_winhttp.cc(79)] WinHttpGetProxyForUrl failed: 12006
[0528/224521:INFO:CONSOLE(0)] "write export.jsx success," source: http://www.cutterman.cn/app/Cutterman/content/js/base.js?t=2.5.25(51)
[0528/224525:ERROR:proxy_resolver_winhttp.cc(79)] WinHttpGetProxyForUrl failed: 12006
[0528/224536:INFO:CONSOLE(0)] "w:NaN, h: NaN," source: http://www.cutterman.cn/app/Cutterman/content/js/main.js?t=2.5.25(53)
[0528/224542:INFO:CONSOLE(0)] "w:272, h: NaN," source: http://www.cutterman.cn/app/Cutterman/content/js/main.js?t=2.5.25(53)
[0528/224545:INFO:CONSOLE(0)] "w:272, h: 164," source: http://www.cutterman.cn/app/Cutterman/content/js/main.js?t=2.5.25(53)
[0528/224545:ERROR:proxy_resolver_winhttp.cc(79)] WinHttpGetProxyForUrl failed: 12006
[0528/224545:ERROR:proxy_resolver_winhttp.cc(79)] WinHttpGetProxyForUrl failed: 12006
[0528/224549:INFO:CONSOLE(0)] "w:272, h: NaN," source: http://www.cutterman.cn/app/Cutterman/content/js/main.js?t=2.5.25(53)
[0528/224552:INFO:CONSOLE(0)] "w:272, h: 164," source: http://www.cutterman.cn/app/Cutterman/content/js/main.js?t=2.5.25(53)
[0528/224555:ERROR:proxy_resolver_winhttp.cc(79)] WinHttpGetProxyForUrl failed: 12006
[0528/224600:ERROR:proxy_resolver_winhttp.cc(79)] WinHttpGetProxyForUrl failed: 12006
